<?xml version="1.0" encoding="UTF-8"?>
<!-- Generated by org.testng.reporters.JUnitXMLReporter -->
<testsuite ignored="0" hostname="ATHS-DELL" failures="0" tests="4" name="Test" time="21.44" errors="0" timestamp="2021-12-07T07:20:02 CST">
  <testcase classname="com.Swag_Labs.Test.OverViewTest" name="Verify_Cart" time="1.377"/>
  <testcase classname="com.Swag_Labs.Test.OverViewTest" name="Verify_TotaLPrice" time="1.637"/>
  <testcase classname="com.Swag_Labs.Test.OverViewTest" name="Verify_UnitPrice" time="1.548"/>
  <testcase classname="com.Swag_Labs.Test.cartTest" name="Verify_Cart" time="1.476"/>
</testsuite> <!-- Test -->
