<?xml version="1.0" encoding="UTF-8"?>
<testng-results ignored="0" total="4" passed="4" failed="0" skipped="0">
  <reporter-output>
    <line>
      <![CDATA[Asserted selected items and items in the cart are same]]>
    </line>
    <line>
      <![CDATA[Asserted selected items and items in the cart are same]]>
    </line>
    <line>
      <![CDATA[Asserted selected items and items in the cart are same]]>
    </line>
  </reporter-output>
  <suite started-at="2021-12-07T07:19:41 CST" name="Suite" finished-at="2021-12-07T07:20:02 CST" duration-ms="21440">
    <groups>
    </groups>
    <test started-at="2021-12-07T07:19:41 CST" name="Test" finished-at="2021-12-07T07:20:02 CST" duration-ms="21440">
      <class name="com.Swag_Labs.Test.cartTest">
        <test-method is-config="true" signature="setUp()[pri:0, instance:com.Swag_Labs.Test.cartTest@606e4010]" started-at="2021-12-07T07:19:57 CST" name="setUp" finished-at="2021-12-07T07:20:01 CST" duration-ms="3659" status="PASS">
          <reporter-output>
          </reporter-output>
        </test-method> <!-- setUp -->
        <test-method signature="Verify_Cart()[pri:0, instance:com.Swag_Labs.Test.cartTest@606e4010]" started-at="2021-12-07T07:20:01 CST" name="Verify_Cart" finished-at="2021-12-07T07:20:02 CST" duration-ms="1476" status="PASS">
          <reporter-output>
            <line>
              <![CDATA[Asserted selected items and items in the cart are same]]>
            </line>
            <line>
              <![CDATA[Asserted selected items and items in the cart are same]]>
            </line>
          </reporter-output>
        </test-method> <!-- Verify_Cart -->
        <test-method is-config="true" signature="close()[pri:0, instance:com.Swag_Labs.Test.cartTest@606e4010]" started-at="2021-12-07T07:20:02 CST" name="close" finished-at="2021-12-07T07:20:02 CST" duration-ms="127" status="PASS">
          <reporter-output>
          </reporter-output>
        </test-method> <!-- close -->
      </class> <!-- com.Swag_Labs.Test.cartTest -->
      <class name="com.Swag_Labs.Test.OverViewTest">
        <test-method is-config="true" signature="setUp()[pri:0, instance:com.Swag_Labs.Test.OverViewTest@76a4ebf2]" started-at="2021-12-07T07:19:41 CST" name="setUp" finished-at="2021-12-07T07:19:45 CST" duration-ms="4194" status="PASS">
          <reporter-output>
          </reporter-output>
        </test-method> <!-- setUp -->
        <test-method signature="Verify_Cart()[pri:0, instance:com.Swag_Labs.Test.OverViewTest@76a4ebf2]" started-at="2021-12-07T07:19:45 CST" name="Verify_Cart" finished-at="2021-12-07T07:19:46 CST" duration-ms="1377" status="PASS">
          <reporter-output>
            <line>
              <![CDATA[Asserted selected items and items in the cart are same]]>
            </line>
          </reporter-output>
        </test-method> <!-- Verify_Cart -->
        <test-method is-config="true" signature="close()[pri:0, instance:com.Swag_Labs.Test.OverViewTest@76a4ebf2]" started-at="2021-12-07T07:19:46 CST" name="close" finished-at="2021-12-07T07:19:47 CST" duration-ms="73" status="PASS">
          <reporter-output>
          </reporter-output>
        </test-method> <!-- close -->
        <test-method is-config="true" signature="setUp()[pri:0, instance:com.Swag_Labs.Test.OverViewTest@76a4ebf2]" started-at="2021-12-07T07:19:47 CST" name="setUp" finished-at="2021-12-07T07:19:50 CST" duration-ms="3525" status="PASS">
          <reporter-output>
          </reporter-output>
        </test-method> <!-- setUp -->
        <test-method signature="Verify_TotaLPrice()[pri:0, instance:com.Swag_Labs.Test.OverViewTest@76a4ebf2]" started-at="2021-12-07T07:19:50 CST" name="Verify_TotaLPrice" finished-at="2021-12-07T07:19:52 CST" duration-ms="1637" status="PASS">
          <reporter-output>
          </reporter-output>
        </test-method> <!-- Verify_TotaLPrice -->
        <test-method is-config="true" signature="close()[pri:0, instance:com.Swag_Labs.Test.OverViewTest@76a4ebf2]" started-at="2021-12-07T07:19:52 CST" name="close" finished-at="2021-12-07T07:19:52 CST" duration-ms="119" status="PASS">
          <reporter-output>
          </reporter-output>
        </test-method> <!-- close -->
        <test-method is-config="true" signature="setUp()[pri:0, instance:com.Swag_Labs.Test.OverViewTest@76a4ebf2]" started-at="2021-12-07T07:19:52 CST" name="setUp" finished-at="2021-12-07T07:19:55 CST" duration-ms="3542" status="PASS">
          <reporter-output>
          </reporter-output>
        </test-method> <!-- setUp -->
        <test-method signature="Verify_UnitPrice()[pri:0, instance:com.Swag_Labs.Test.OverViewTest@76a4ebf2]" started-at="2021-12-07T07:19:55 CST" name="Verify_UnitPrice" finished-at="2021-12-07T07:19:57 CST" duration-ms="1548" status="PASS">
          <reporter-output>
          </reporter-output>
        </test-method> <!-- Verify_UnitPrice -->
        <test-method is-config="true" signature="close()[pri:0, instance:com.Swag_Labs.Test.OverViewTest@76a4ebf2]" started-at="2021-12-07T07:19:57 CST" name="close" finished-at="2021-12-07T07:19:57 CST" duration-ms="133" status="PASS">
          <reporter-output>
          </reporter-output>
        </test-method> <!-- close -->
      </class> <!-- com.Swag_Labs.Test.OverViewTest -->
    </test> <!-- Test -->
  </suite> <!-- Suite -->
</testng-results>
